<?xml version="1.0" encoding="UTF-8"?>
<testsuites name="E2E Tests - 2026-04-05_PR-local" tests="15" failures="0" timestamp="2026-04-05 19:41:09">
<testsuites>
  <testsuite name="Test Suite" device="Pixel_7" tests="1" failures="0" time="28.0">
    <testcase id="us_1_1" name="us_1_1" classname="us_1_1" time="28.0" status="SUCCESS"/>
  </testsuite>
</testsuites>
<testsuites>
  <testsuite name="Test Suite" device="Pixel_7" tests="1" failures="0" time="24.0">
    <testcase id="us_1_2" name="us_1_2" classname="us_1_2" time="24.0" status="SUCCESS"/>
  </testsuite>
</testsuites>
<testsuites>
  <testsuite name="Test Suite" device="Pixel_7" tests="1" failures="0" time="38.0">
    <testcase id="us_1_3" name="us_1_3" classname="us_1_3" time="38.0" status="SUCCESS"/>
  </testsuite>
</testsuites>
<testsuites>
  <testsuite name="Test Suite" device="Pixel_7" tests="1" failures="0" time="46.0">
    <testcase id="us_1_5" name="us_1_5" classname="us_1_5" time="46.0" status="SUCCESS"/>
  </testsuite>
</testsuites>
<testsuites>
  <testsuite name="Test Suite" device="Pixel_7" tests="1" failures="0" time="31.0">
    <testcase id="us_1_6" name="us_1_6" classname="us_1_6" time="31.0" status="SUCCESS"/>
  </testsuite>
</testsuites>
<testsuites>
  <testsuite name="Test Suite" device="Pixel_7" tests="1" failures="0" time="67.0">
    <testcase id="us_2_1" name="us_2_1" classname="us_2_1" time="67.0" status="SUCCESS"/>
  </testsuite>
</testsuites>
<testsuites>
  <testsuite name="Test Suite" device="Pixel_7" tests="1" failures="0" time="42.0">
    <testcase id="us_2_3" name="us_2_3" classname="us_2_3" time="42.0" status="SUCCESS"/>
  </testsuite>
</testsuites>
<testsuites>
  <testsuite name="Test Suite" device="Pixel_7" tests="1" failures="0" time="52.0">
    <testcase id="us_2_5" name="us_2_5" classname="us_2_5" time="52.0" status="SUCCESS"/>
  </testsuite>
</testsuites>
<testsuites>
  <testsuite name="Test Suite" device="Pixel_7" tests="1" failures="0" time="47.0">
    <testcase id="us_2_6" name="us_2_6" classname="us_2_6" time="47.0" status="SUCCESS"/>
  </testsuite>
</testsuites>
<testsuites>
  <testsuite name="Test Suite" device="Pixel_7" tests="1" failures="0" time="32.0">
    <testcase id="us_3_1" name="us_3_1" classname="us_3_1" time="32.0" status="SUCCESS"/>
  </testsuite>
</testsuites>
<testsuites>
  <testsuite name="Test Suite" device="Pixel_7" tests="1" failures="0" time="57.0">
    <testcase id="us_3_3" name="us_3_3" classname="us_3_3" time="57.0" status="SUCCESS"/>
  </testsuite>
</testsuites>
<testsuites>
  <testsuite name="Test Suite" device="Pixel_7" tests="1" failures="0" time="56.0">
    <testcase id="us_3_4" name="us_3_4" classname="us_3_4" time="56.0" status="SUCCESS"/>
  </testsuite>
</testsuites>
<testsuites>
  <testsuite name="Test Suite" device="Pixel_7" tests="1" failures="0" time="41.0">
    <testcase id="us_4_1" name="us_4_1" classname="us_4_1" time="41.0" status="SUCCESS"/>
  </testsuite>
</testsuites>
<testsuites>
  <testsuite name="Test Suite" device="Pixel_7" tests="1" failures="0" time="67.0">
    <testcase id="us_4_2" name="us_4_2" classname="us_4_2" time="67.0" status="SUCCESS"/>
  </testsuite>
</testsuites>
<testsuites>
  <testsuite name="Test Suite" device="Pixel_7" tests="1" failures="0" time="79.0">
    <testcase id="us_4_6" name="us_4_6" classname="us_4_6" time="79.0" status="SUCCESS"/>
  </testsuite>
</testsuites>
</testsuites>
